<?xml version="1.0" encoding="UTF-8"?>
<!-- Generated by org.testng.reporters.JUnitReportReporter -->
<testsuite hostname="Shashank-PC" failures="0" tests="1" name="rahulshettyacademy.tests.FactoryTest" time="31.694" errors="0" timestamp="2023-08-12T14:44:04 IST" skipped="0">
  <testcase classname="rahulshettyacademy.tests.FactoryTest" name="placeOrder" time="31.694"/>
</testsuite> <!-- rahulshettyacademy.tests.FactoryTest -->
