<?xml version="1.0" encoding="UTF-8"?>
<!-- Generated by org.testng.reporters.JUnitReportReporter -->
<testsuite hostname="DESKTOP-LKQ823U" failures="0" tests="1" name="rahulshettyacademy.tests.FactoryTest" time="30.558" errors="0" timestamp="2023-08-11T11:44:48 IST" skipped="0">
  <testcase classname="rahulshettyacademy.tests.FactoryTest" name="placeOrder" time="30.558"/>
</testsuite> <!-- rahulshettyacademy.tests.FactoryTest -->
